This is pdfTeX, Version 3.14159265-2.6-1.40.17 (TeX Live 2016) (preloaded format=pdflatex 2016.7.12)  27 SEP 2016 17:21
entering extended mode
 restricted \write18 enabled.
 %&-line parsing enabled.
**all_results.tex
(./all_results.tex
LaTeX2e <2016/03/31>
Babel <3.9r> and hyphenation patterns for 83 language(s) loaded.
(/usr/local/texlive/2016/texmf-dist/tex/latex/base/article.cls
Document Class: article 2014/09/29 v1.4h Standard LaTeX document class
(/usr/local/texlive/2016/texmf-dist/tex/latex/base/size10.clo
File: size10.clo 2014/09/29 v1.4h Standard LaTeX file (size option)
)
\c@part=\count79
\c@section=\count80
\c@subsection=\count81
\c@subsubsection=\count82
\c@paragraph=\count83
\c@subparagraph=\count84
\c@figure=\count85
\c@table=\count86
\abovecaptionskip=\skip41
\belowcaptionskip=\skip42
\bibindent=\dimen102
)
(/usr/local/texlive/2016/texmf-dist/tex/latex/graphics/graphicx.sty
Package: graphicx 2014/10/28 v1.0g Enhanced LaTeX Graphics (DPC,SPQR)

(/usr/local/texlive/2016/texmf-dist/tex/latex/graphics/keyval.sty
Package: keyval 2014/10/28 v1.15 key=value parser (DPC)
\KV@toks@=\toks14
)
(/usr/local/texlive/2016/texmf-dist/tex/latex/graphics/graphics.sty
Package: graphics 2016/05/09 v1.0r Standard LaTeX Graphics (DPC,SPQR)

(/usr/local/texlive/2016/texmf-dist/tex/latex/graphics/trig.sty
Package: trig 2016/01/03 v1.10 sin cos tan (DPC)
)
(/usr/local/texlive/2016/texmf-dist/tex/latex/graphics-cfg/graphics.cfg
File: graphics.cfg 2016/01/02 v1.10 sample graphics configuration
)
Package graphics Info: Driver file: pdftex.def on input line 96.

(/usr/local/texlive/2016/texmf-dist/tex/latex/pdftex-def/pdftex.def
File: pdftex.def 2011/05/27 v0.06d Graphics/color for pdfTeX

(/usr/local/texlive/2016/texmf-dist/tex/generic/oberdiek/infwarerr.sty
Package: infwarerr 2016/05/16 v1.4 Providing info/warning/error messages (HO)
)
(/usr/local/texlive/2016/texmf-dist/tex/generic/oberdiek/ltxcmds.sty
Package: ltxcmds 2016/05/16 v1.23 LaTeX kernel commands for general use (HO)
)
\Gread@gobject=\count87
))
\Gin@req@height=\dimen103
\Gin@req@width=\dimen104
)
(/usr/local/texlive/2016/texmf-dist/tex/latex/caption/subcaption.sty
Package: subcaption 2016/02/20 v1.1-142 Sub-captions (AR)

(/usr/local/texlive/2016/texmf-dist/tex/latex/caption/caption.sty
Package: caption 2016/02/21 v3.3-144 Customizing captions (AR)

(/usr/local/texlive/2016/texmf-dist/tex/latex/caption/caption3.sty
Package: caption3 2016/02/04 v1.7-139 caption3 kernel (AR)
Package caption3 Info: TeX engine: e-TeX on input line 67.
\captionmargin=\dimen105
\captionmargin@=\dimen106
\captionwidth=\dimen107
\caption@tempdima=\dimen108
\caption@indent=\dimen109
\caption@parindent=\dimen110
\caption@hangindent=\dimen111
)
\c@ContinuedFloat=\count88
)
\c@subfigure=\count89
\c@subtable=\count90
)
(./all_results.aux)
\openout1 = `all_results.aux'.

LaTeX Font Info:    Checking defaults for OML/cmm/m/it on input line 4.
LaTeX Font Info:    ... okay on input line 4.
LaTeX Font Info:    Checking defaults for T1/cmr/m/n on input line 4.
LaTeX Font Info:    ... okay on input line 4.
LaTeX Font Info:    Checking defaults for OT1/cmr/m/n on input line 4.
LaTeX Font Info:    ... okay on input line 4.
LaTeX Font Info:    Checking defaults for OMS/cmsy/m/n on input line 4.
LaTeX Font Info:    ... okay on input line 4.
LaTeX Font Info:    Checking defaults for OMX/cmex/m/n on input line 4.
LaTeX Font Info:    ... okay on input line 4.
LaTeX Font Info:    Checking defaults for U/cmr/m/n on input line 4.
LaTeX Font Info:    ... okay on input line 4.

(/usr/local/texlive/2016/texmf-dist/tex/context/base/mkii/supp-pdf.mkii
[Loading MPS to PDF converter (version 2006.09.02).]
\scratchcounter=\count91
\scratchdimen=\dimen112
\scratchbox=\box26
\nofMPsegments=\count92
\nofMParguments=\count93
\everyMPshowfont=\toks15
\MPscratchCnt=\count94
\MPscratchDim=\dimen113
\MPnumerator=\count95
\makeMPintoPDFobject=\count96
\everyMPtoPDFconversion=\toks16
) (/usr/local/texlive/2016/texmf-dist/tex/generic/oberdiek/pdftexcmds.sty
Package: pdftexcmds 2016/05/10 v0.21 Utility functions of pdfTeX for LuaTeX (HO
)

(/usr/local/texlive/2016/texmf-dist/tex/generic/oberdiek/ifluatex.sty
Package: ifluatex 2016/05/16 v1.4 Provides the ifluatex switch (HO)
Package ifluatex Info: LuaTeX not detected.
)
(/usr/local/texlive/2016/texmf-dist/tex/generic/oberdiek/ifpdf.sty
Package: ifpdf 2016/05/14 v3.1 Provides the ifpdf switch
)
Package pdftexcmds Info: LuaTeX not detected.
Package pdftexcmds Info: \pdf@primitive is available.
Package pdftexcmds Info: \pdf@ifprimitive is available.
Package pdftexcmds Info: \pdfdraftmode found.
)
(/usr/local/texlive/2016/texmf-dist/tex/latex/oberdiek/epstopdf-base.sty
Package: epstopdf-base 2016/05/15 v2.6 Base part for package epstopdf

(/usr/local/texlive/2016/texmf-dist/tex/latex/oberdiek/grfext.sty
Package: grfext 2016/05/16 v1.2 Manage graphics extensions (HO)

(/usr/local/texlive/2016/texmf-dist/tex/generic/oberdiek/kvdefinekeys.sty
Package: kvdefinekeys 2016/05/16 v1.4 Define keys (HO)
))
(/usr/local/texlive/2016/texmf-dist/tex/latex/oberdiek/kvoptions.sty
Package: kvoptions 2016/05/16 v3.12 Key value format for package options (HO)

(/usr/local/texlive/2016/texmf-dist/tex/generic/oberdiek/kvsetkeys.sty
Package: kvsetkeys 2016/05/16 v1.17 Key value parser (HO)

(/usr/local/texlive/2016/texmf-dist/tex/generic/oberdiek/etexcmds.sty
Package: etexcmds 2016/05/16 v1.6 Avoid name clashes with e-TeX commands (HO)
Package etexcmds Info: Could not find \expanded.
(etexcmds)             That can mean that you are not using pdfTeX 1.50 or
(etexcmds)             that some package has redefined \expanded.
(etexcmds)             In the latter case, load this package earlier.
)))
Package grfext Info: Graphics extension search list:
(grfext)             [.png,.pdf,.jpg,.mps,.jpeg,.jbig2,.jb2,.PNG,.PDF,.JPG,.JPE
G,.JBIG2,.JB2,.eps]
(grfext)             \AppendGraphicsExtensions on input line 456.

(/usr/local/texlive/2016/texmf-dist/tex/latex/latexconfig/epstopdf-sys.cfg
File: epstopdf-sys.cfg 2010/07/13 v1.3 Configuration of (r)epstopdf for TeX Liv
e
))
Package caption Info: Begin \AtBeginDocument code.
Package caption Info: End \AtBeginDocument code.

<Site_stackoverflow_PLR_0_CSZ_0.pdf, id=1, 325.215pt x 325.215pt>
File: Site_stackoverflow_PLR_0_CSZ_0.pdf Graphic file (type pdf)

<use Site_stackoverflow_PLR_0_CSZ_0.pdf>
Package pdftex.def Info: Site_stackoverflow_PLR_0_CSZ_0.pdf used on input line 
8.
(pdftex.def)             Requested size: 113.85063pt x 113.85176pt.
LaTeX Font Info:    External font `cmex10' loaded for size
(Font)              <7> on input line 11.
LaTeX Font Info:    External font `cmex10' loaded for size
(Font)              <5> on input line 11.

<Site_stackoverflow_PLR_0.015_CSZ_0.pdf, id=2, 325.215pt x 325.215pt>
File: Site_stackoverflow_PLR_0.015_CSZ_0.pdf Graphic file (type pdf)

<use Site_stackoverflow_PLR_0.015_CSZ_0.pdf>
Package pdftex.def Info: Site_stackoverflow_PLR_0.015_CSZ_0.pdf used on input l
ine 14.
(pdftex.def)             Requested size: 113.85063pt x 113.85176pt.

<Site_stackoverflow_PLR_0.03_CSZ_0.pdf, id=3, 325.215pt x 325.215pt>
File: Site_stackoverflow_PLR_0.03_CSZ_0.pdf Graphic file (type pdf)

<use Site_stackoverflow_PLR_0.03_CSZ_0.pdf>
Package pdftex.def Info: Site_stackoverflow_PLR_0.03_CSZ_0.pdf used on input li
ne 20.
(pdftex.def)             Requested size: 113.85063pt x 113.85176pt.

<Site_go_PLR_0_CSZ_0.pdf, id=4, 325.215pt x 325.215pt>
File: Site_go_PLR_0_CSZ_0.pdf Graphic file (type pdf)

<use Site_go_PLR_0_CSZ_0.pdf>
Package pdftex.def Info: Site_go_PLR_0_CSZ_0.pdf used on input line 27.
(pdftex.def)             Requested size: 113.85063pt x 113.85176pt.

<Site_go_PLR_0.015_CSZ_0.pdf, id=5, 325.215pt x 325.215pt>
File: Site_go_PLR_0.015_CSZ_0.pdf Graphic file (type pdf)

<use Site_go_PLR_0.015_CSZ_0.pdf>
Package pdftex.def Info: Site_go_PLR_0.015_CSZ_0.pdf used on input line 33.
(pdftex.def)             Requested size: 113.85063pt x 113.85176pt.

<Site_go_PLR_0.03_CSZ_0.pdf, id=6, 325.215pt x 325.215pt>
File: Site_go_PLR_0.03_CSZ_0.pdf Graphic file (type pdf)

<use Site_go_PLR_0.03_CSZ_0.pdf>
Package pdftex.def Info: Site_go_PLR_0.03_CSZ_0.pdf used on input line 39.
(pdftex.def)             Requested size: 113.85063pt x 113.85176pt.

<Site_theguardian_PLR_0_CSZ_0.pdf, id=7, 325.215pt x 325.215pt>
File: Site_theguardian_PLR_0_CSZ_0.pdf Graphic file (type pdf)

<use Site_theguardian_PLR_0_CSZ_0.pdf>
Package pdftex.def Info: Site_theguardian_PLR_0_CSZ_0.pdf used on input line 46
.
(pdftex.def)             Requested size: 113.85063pt x 113.85176pt.

<Site_theguardian_PLR_0.015_CSZ_0.pdf, id=8, 325.215pt x 325.215pt>
File: Site_theguardian_PLR_0.015_CSZ_0.pdf Graphic file (type pdf)

<use Site_theguardian_PLR_0.015_CSZ_0.pdf>
Package pdftex.def Info: Site_theguardian_PLR_0.015_CSZ_0.pdf used on input lin
e 52.
(pdftex.def)             Requested size: 113.85063pt x 113.85176pt.

<Site_theguardian_PLR_0.03_CSZ_0.pdf, id=9, 325.215pt x 325.215pt>
File: Site_theguardian_PLR_0.03_CSZ_0.pdf Graphic file (type pdf)

<use Site_theguardian_PLR_0.03_CSZ_0.pdf>
Package pdftex.def Info: Site_theguardian_PLR_0.03_CSZ_0.pdf used on input line
 58.
(pdftex.def)             Requested size: 113.85063pt x 113.85176pt.
 [1{/usr/local/texlive/2016/texmf-var/fonts/map/pdftex/updmap/pdftex.map} <./Si
te_stackoverflow_PLR_0_CSZ_0.pdf> <./Site_stackoverflow_PLR_0.015_CSZ_0.pdf

pdfTeX warning: pdflatex (file ./Site_stackoverflow_PLR_0.015_CSZ_0.pdf): PDF i
nclusion: multiple pdfs with page group included in a single page
> <./Site_stackoverflow_PLR_0.03_CSZ_0.pdf

pdfTeX warning: pdflatex (file ./Site_stackoverflow_PLR_0.03_CSZ_0.pdf): PDF in
clusion: multiple pdfs with page group included in a single page
> <./Site_go_PLR_0_CSZ_0.pdf

pdfTeX warning: pdflatex (file ./Site_go_PLR_0_CSZ_0.pdf): PDF inclusion: multi
ple pdfs with page group included in a single page
> <./Site_go_PLR_0.015_CSZ_0.pdf

pdfTeX warning: pdflatex (file ./Site_go_PLR_0.015_CSZ_0.pdf): PDF inclusion: m
ultiple pdfs with page group included in a single page
> <./Site_go_PLR_0.03_CSZ_0.pdf

pdfTeX warning: pdflatex (file ./Site_go_PLR_0.03_CSZ_0.pdf): PDF inclusion: mu
ltiple pdfs with page group included in a single page
> <./Site_theguardian_PLR_0_CSZ_0.pdf

pdfTeX warning: pdflatex (file ./Site_theguardian_PLR_0_CSZ_0.pdf): PDF inclusi
on: multiple pdfs with page group included in a single page
> <./Site_theguardian_PLR_0.015_CSZ_0.pdf

pdfTeX warning: pdflatex (file ./Site_theguardian_PLR_0.015_CSZ_0.pdf): PDF inc
lusion: multiple pdfs with page group included in a single page
> <./Site_theguardian_PLR_0.03_CSZ_0.pdf

pdfTeX warning: pdflatex (file ./Site_theguardian_PLR_0.03_CSZ_0.pdf): PDF incl
usion: multiple pdfs with page group included in a single page
>] (./all_results.aux) ) 
Here is how much of TeX's memory you used:
 2623 strings out of 493014
 42962 string characters out of 6133351
 99327 words of memory out of 5000000
 6169 multiletter control sequences out of 15000+600000
 3640 words of font info for 14 fonts, out of 8000000 for 9000
 1141 hyphenation exceptions out of 8191
 42i,7n,40p,271b,354s stack positions out of 5000i,500n,10000p,200000b,80000s
</usr/local/texlive/2016/texmf-dist/fonts/type1/public/
amsfonts/cm/cmr10.pfb>
Output written on all_results.pdf (1 page, 138067 bytes).
PDF statistics:
 485 PDF objects out of 1000 (max. 8388607)
 53 compressed objects within 1 object stream
 0 named destinations out of 1000 (max. 500000)
 46 words of extra memory for PDF output out of 10000 (max. 10000000)

